[2017-09-07 19:23:47] Текст ошибки: Контроллер app\controllers\admin\MainController не найден | Файл: D:\WebServer\domains\ishop2.loc\vendor\ishop\core\Router.php | Строка: 36
=================
[2017-09-07 19:23:47] Текст ошибки: Страница не найдена | Файл: D:\WebServer\domains\ishop2.loc\vendor\ishop\core\Router.php | Строка: 39
=================
[2017-09-07 19:23:47] Текст ошибки: Страница не найдена | Файл: D:\WebServer\domains\ishop2.loc\vendor\ishop\core\Router.php | Строка: 39
=================
[2017-09-07 19:26:12] Текст ошибки: Контроллер app\controllers\admin\MainController не найден | Файл: D:\WebServer\domains\ishop2.loc\vendor\ishop\core\Router.php | Строка: 36
=================
[2017-09-07 19:44:08] Текст ошибки: Страница не найдена | Файл: D:\WebServer\domains\ishop2.loc\vendor\ishop\core\Router.php | Строка: 39
=================
[2017-09-07 19:44:08] Текст ошибки: Страница не найдена | Файл: D:\WebServer\domains\ishop2.loc\vendor\ishop\core\Router.php | Строка: 39
=================
[2017-09-07 19:44:08] Текст ошибки: Страница не найдена | Файл: D:\WebServer\domains\ishop2.loc\vendor\ishop\core\Router.php | Строка: 39
=================
[2017-09-07 19:44:08] Текст ошибки: Страница не найдена | Файл: D:\WebServer\domains\ishop2.loc\vendor\ishop\core\Router.php | Строка: 39
=================
[2017-09-07 19:44:08] Текст ошибки: Страница не найдена | Файл: D:\WebServer\domains\ishop2.loc\vendor\ishop\core\Router.php | Строка: 39
=================
[2017-09-07 19:44:08] Текст ошибки: Страница не найдена | Файл: D:\WebServer\domains\ishop2.loc\vendor\ishop\core\Router.php | Строка: 39
=================
[2017-09-07 19:44:08] Текст ошибки: Страница не найдена | Файл: D:\WebServer\domains\ishop2.loc\vendor\ishop\core\Router.php | Строка: 39
=================
[2017-09-07 19:44:08] Текст ошибки: Страница не найдена | Файл: D:\WebServer\domains\ishop2.loc\vendor\ishop\core\Router.php | Строка: 39
=================
[2017-09-07 19:44:08] Текст ошибки: Страница не найдена | Файл: D:\WebServer\domains\ishop2.loc\vendor\ishop\core\Router.php | Строка: 39
=================
[2017-09-07 19:44:08] Текст ошибки: Страница не найдена | Файл: D:\WebServer\domains\ishop2.loc\vendor\ishop\core\Router.php | Строка: 39
=================
[2017-09-07 19:44:08] Текст ошибки: Страница не найдена | Файл: D:\WebServer\domains\ishop2.loc\vendor\ishop\core\Router.php | Строка: 39
=================
[2017-09-07 19:44:08] Текст ошибки: Страница не найдена | Файл: D:\WebServer\domains\ishop2.loc\vendor\ishop\core\Router.php | Строка: 39
=================
[2017-09-07 19:44:08] Текст ошибки: Страница не найдена | Файл: D:\WebServer\domains\ishop2.loc\vendor\ishop\core\Router.php | Строка: 39
=================
[2017-09-07 19:44:08] Текст ошибки: Страница не найдена | Файл: D:\WebServer\domains\ishop2.loc\vendor\ishop\core\Router.php | Строка: 39
=================
[2017-09-07 19:44:08] Текст ошибки: Страница не найдена | Файл: D:\WebServer\domains\ishop2.loc\vendor\ishop\core\Router.php | Строка: 39
=================
[2017-09-07 19:44:08] Текст ошибки: Страница не найдена | Файл: D:\WebServer\domains\ishop2.loc\vendor\ishop\core\Router.php | Строка: 39
=================
[2017-09-07 19:44:08] Текст ошибки: Страница не найдена | Файл: D:\WebServer\domains\ishop2.loc\vendor\ishop\core\Router.php | Строка: 39
=================
[2017-09-07 19:44:08] Текст ошибки: Страница не найдена | Файл: D:\WebServer\domains\ishop2.loc\vendor\ishop\core\Router.php | Строка: 39
=================
[2017-09-07 19:44:08] Текст ошибки: Страница не найдена | Файл: D:\WebServer\domains\ishop2.loc\vendor\ishop\core\Router.php | Строка: 39
=================
[2017-09-07 19:44:08] Текст ошибки: Страница не найдена | Файл: D:\WebServer\domains\ishop2.loc\vendor\ishop\core\Router.php | Строка: 39
=================
[2017-09-07 19:44:08] Текст ошибки: Страница не найдена | Файл: D:\WebServer\domains\ishop2.loc\vendor\ishop\core\Router.php | Строка: 39
=================
[2017-09-07 19:44:08] Текст ошибки: Страница не найдена | Файл: D:\WebServer\domains\ishop2.loc\vendor\ishop\core\Router.php | Строка: 39
=================
[2017-09-07 19:44:08] Текст ошибки: Страница не найдена | Файл: D:\WebServer\domains\ishop2.loc\vendor\ishop\core\Router.php | Строка: 39
=================
[2017-09-07 19:44:08] Текст ошибки: Страница не найдена | Файл: D:\WebServer\domains\ishop2.loc\vendor\ishop\core\Router.php | Строка: 39
=================
[2017-09-07 19:44:08] Текст ошибки: Страница не найдена | Файл: D:\WebServer\domains\ishop2.loc\vendor\ishop\core\Router.php | Строка: 39
=================
[2017-09-07 19:44:08] Текст ошибки: Страница не найдена | Файл: D:\WebServer\domains\ishop2.loc\vendor\ishop\core\Router.php | Строка: 39
=================
[2017-09-07 19:44:08] Текст ошибки: Страница не найдена | Файл: D:\WebServer\domains\ishop2.loc\vendor\ishop\core\Router.php | Строка: 39
=================
[2017-09-07 19:44:08] Текст ошибки: Страница не найдена | Файл: D:\WebServer\domains\ishop2.loc\vendor\ishop\core\Router.php | Строка: 39
=================
[2017-09-07 19:44:08] Текст ошибки: Страница не найдена | Файл: D:\WebServer\domains\ishop2.loc\vendor\ishop\core\Router.php | Строка: 39
=================
[2017-09-07 19:44:08] Текст ошибки: Страница не найдена | Файл: D:\WebServer\domains\ishop2.loc\vendor\ishop\core\Router.php | Строка: 39
=================
[2017-09-07 19:44:08] Текст ошибки: Страница не найдена | Файл: D:\WebServer\domains\ishop2.loc\vendor\ishop\core\Router.php | Строка: 39
=================
[2017-09-07 19:44:08] Текст ошибки: Страница не найдена | Файл: D:\WebServer\domains\ishop2.loc\vendor\ishop\core\Router.php | Строка: 39
=================
[2017-09-07 19:44:08] Текст ошибки: Страница не найдена | Файл: D:\WebServer\domains\ishop2.loc\vendor\ishop\core\Router.php | Строка: 39
=================
[2017-09-07 19:44:08] Текст ошибки: Страница не найдена | Файл: D:\WebServer\domains\ishop2.loc\vendor\ishop\core\Router.php | Строка: 39
=================
[2017-09-07 19:44:08] Текст ошибки: Страница не найдена | Файл: D:\WebServer\domains\ishop2.loc\vendor\ishop\core\Router.php | Строка: 39
=================
[2017-09-07 19:44:08] Текст ошибки: Страница не найдена | Файл: D:\WebServer\domains\ishop2.loc\vendor\ishop\core\Router.php | Строка: 39
=================
[2017-09-07 19:44:08] Текст ошибки: Страница не найдена | Файл: D:\WebServer\domains\ishop2.loc\vendor\ishop\core\Router.php | Строка: 39
=================
[2017-09-07 19:44:08] Текст ошибки: Страница не найдена | Файл: D:\WebServer\domains\ishop2.loc\vendor\ishop\core\Router.php | Строка: 39
=================
[2017-09-07 19:44:08] Текст ошибки: Страница не найдена | Файл: D:\WebServer\domains\ishop2.loc\vendor\ishop\core\Router.php | Строка: 39
=================
[2017-09-07 19:44:08] Текст ошибки: Страница не найдена | Файл: D:\WebServer\domains\ishop2.loc\vendor\ishop\core\Router.php | Строка: 39
=================
[2017-09-07 19:44:08] Текст ошибки: Страница не найдена | Файл: D:\WebServer\domains\ishop2.loc\vendor\ishop\core\Router.php | Строка: 39
=================
[2017-09-07 19:44:08] Текст ошибки: Страница не найдена | Файл: D:\WebServer\domains\ishop2.loc\vendor\ishop\core\Router.php | Строка: 39
=================
[2017-09-07 19:44:08] Текст ошибки: Страница не найдена | Файл: D:\WebServer\domains\ishop2.loc\vendor\ishop\core\Router.php | Строка: 39
=================
[2017-09-07 19:44:08] Текст ошибки: Страница не найдена | Файл: D:\WebServer\domains\ishop2.loc\vendor\ishop\core\Router.php | Строка: 39
=================
[2017-09-07 19:44:08] Текст ошибки: Страница не найдена | Файл: D:\WebServer\domains\ishop2.loc\vendor\ishop\core\Router.php | Строка: 39
=================
[2017-09-07 19:44:09] Текст ошибки: Страница не найдена | Файл: D:\WebServer\domains\ishop2.loc\vendor\ishop\core\Router.php | Строка: 39
=================
[2017-09-07 19:44:09] Текст ошибки: Страница не найдена | Файл: D:\WebServer\domains\ishop2.loc\vendor\ishop\core\Router.php | Строка: 39
=================
[2017-09-07 19:44:09] Текст ошибки: Страница не найдена | Файл: D:\WebServer\domains\ishop2.loc\vendor\ishop\core\Router.php | Строка: 39
=================
[2017-09-09 08:25:55] Текст ошибки: Страница не найдена | Файл: D:\WebServer\domains\ishop2.loc\vendor\ishop\core\Router.php | Строка: 39
=================
[2017-09-09 08:25:55] Текст ошибки: Страница не найдена | Файл: D:\WebServer\domains\ishop2.loc\vendor\ishop\core\Router.php | Строка: 39
=================
[2017-09-09 08:29:04] Текст ошибки: Страница не найдена | Файл: D:\WebServer\domains\ishop2.loc\vendor\ishop\core\Router.php | Строка: 39
=================
[2017-09-09 08:53:54] Текст ошибки: Страница не найдена | Файл: D:\WebServer\domains\ishop2.loc\vendor\ishop\core\Router.php | Строка: 39
=================
[2017-09-09 08:53:54] Текст ошибки: Страница не найдена | Файл: D:\WebServer\domains\ishop2.loc\vendor\ishop\core\Router.php | Строка: 39
=================
[2017-09-09 08:53:54] Текст ошибки: Страница не найдена | Файл: D:\WebServer\domains\ishop2.loc\vendor\ishop\core\Router.php | Строка: 39
=================
[2017-09-09 08:53:54] Текст ошибки: Страница не найдена | Файл: D:\WebServer\domains\ishop2.loc\vendor\ishop\core\Router.php | Строка: 39
=================
[2017-09-09 08:53:54] Текст ошибки: Страница не найдена | Файл: D:\WebServer\domains\ishop2.loc\vendor\ishop\core\Router.php | Строка: 39
=================
[2017-09-09 08:55:43] Текст ошибки: Страница не найдена | Файл: D:\WebServer\domains\ishop2.loc\vendor\ishop\core\Router.php | Строка: 39
=================
[2017-09-09 08:55:43] Текст ошибки: Страница не найдена | Файл: D:\WebServer\domains\ishop2.loc\vendor\ishop\core\Router.php | Строка: 39
=================
[2017-09-09 08:55:43] Текст ошибки: Страница не найдена | Файл: D:\WebServer\domains\ishop2.loc\vendor\ishop\core\Router.php | Строка: 39
=================
[2017-09-09 08:55:43] Текст ошибки: Страница не найдена | Файл: D:\WebServer\domains\ishop2.loc\vendor\ishop\core\Router.php | Строка: 39
=================
[2017-09-09 08:55:44] Текст ошибки: Страница не найдена | Файл: D:\WebServer\domains\ishop2.loc\vendor\ishop\core\Router.php | Строка: 39
=================
[2017-09-09 09:05:33] Текст ошибки: Контроллер app\controllers\admin\OrderController не найден | Файл: D:\WebServer\domains\ishop2.loc\vendor\ishop\core\Router.php | Строка: 36
=================
[2017-09-09 09:17:47] Текст ошибки: Контроллер app\controllers\admin\OrderController не найден | Файл: D:\WebServer\domains\ishop2.loc\vendor\ishop\core\Router.php | Строка: 36
=================
[2017-09-09 09:17:53] Текст ошибки: Контроллер app\controllers\admin\OrderController не найден | Файл: D:\WebServer\domains\ishop2.loc\vendor\ishop\core\Router.php | Строка: 36
=================
[2017-09-09 11:34:53] Текст ошибки: Страница не найдена | Файл: D:\WebServer\domains\ishop2.loc\vendor\ishop\core\Router.php | Строка: 39
=================
[2017-09-09 11:34:53] Текст ошибки: Страница не найдена | Файл: D:\WebServer\domains\ishop2.loc\vendor\ishop\core\Router.php | Строка: 39
=================
[2017-09-09 11:36:56] Текст ошибки: Метод app\controllers\admin\OrderController::viewAction не найден | Файл: D:\WebServer\domains\ishop2.loc\vendor\ishop\core\Router.php | Строка: 33
=================
[2017-09-09 11:42:31] Текст ошибки: Страница не найдена | Файл: D:\WebServer\domains\ishop2.loc\app\controllers\admin\AppController.php | Строка: 29
=================
[2017-09-09 12:28:34] Текст ошибки: Метод app\controllers\admin\OrderController::deleteAction не найден | Файл: D:\WebServer\domains\ishop2.loc\vendor\ishop\core\Router.php | Строка: 33
=================
[2017-09-09 14:04:55] Текст ошибки: Страница не найдена | Файл: D:\WebServer\domains\ishop2.loc\vendor\ishop\core\Router.php | Строка: 39
=================
[2017-09-09 14:04:55] Текст ошибки: Страница не найдена | Файл: D:\WebServer\domains\ishop2.loc\vendor\ishop\core\Router.php | Строка: 39
=================
[2017-09-09 15:37:39] Текст ошибки: Страница не найдена | Файл: D:\WebServer\domains\ishop2.loc\vendor\ishop\core\Router.php | Строка: 39
=================
[2017-09-09 15:37:39] Текст ошибки: Страница не найдена | Файл: D:\WebServer\domains\ishop2.loc\vendor\ishop\core\Router.php | Строка: 39
=================
[2017-09-10 08:58:27] Текст ошибки: Страница не найдена | Файл: D:\WebServer\domains\ishop2.loc\vendor\ishop\core\Router.php | Строка: 39
=================
[2017-09-10 08:58:27] Текст ошибки: Страница не найдена | Файл: D:\WebServer\domains\ishop2.loc\vendor\ishop\core\Router.php | Строка: 39
=================
[2017-09-10 09:55:00] Текст ошибки: SQLSTATE[42000]: Syntax error or access violation: 1064 You have an error in your SQL syntax; check the manual that corresponds to your MySQL server version for the right syntax to use near '(SUM(`order_product`.`price`), 2) AS `sum` FROM `order`
  JOIN `order_product` ' at line 1 | Файл: D:\WebServer\domains\ishop2.loc\vendor\gabordemooij\redbean\RedBeanPHP\Driver\RPDO.php | Строка: 186
=================
[2017-09-10 11:39:55] Текст ошибки: Страница не найдена | Файл: D:\WebServer\domains\ishop2.loc\vendor\ishop\core\Router.php | Строка: 39
=================
[2017-09-10 15:34:36] Текст ошибки: Страница не найдена | Файл: D:\WebServer\domains\ishop2.loc\vendor\ishop\core\Router.php | Строка: 39
=================
[2017-09-10 15:34:36] Текст ошибки: Страница не найдена | Файл: D:\WebServer\domains\ishop2.loc\vendor\ishop\core\Router.php | Строка: 39
=================
[2017-09-11 18:56:22] Текст ошибки: Страница не найдена | Файл: D:\WebServer\domains\ishop2.loc\vendor\ishop\core\Router.php | Строка: 39
=================
[2017-09-11 19:01:40] Текст ошибки: SQLSTATE[23000]: Integrity constraint violation: 1062 Duplicate entry '' for key 'alias' | Файл: D:\WebServer\domains\ishop2.loc\vendor\gabordemooij\redbean\RedBeanPHP\Driver\RPDO.php | Строка: 186
=================
[2017-09-11 19:18:45] Текст ошибки: Страница не найдена | Файл: D:\WebServer\domains\ishop2.loc\vendor\ishop\core\Router.php | Строка: 39
=================
[2019-02-25 21:40:00] Текст ошибки: Страница не найдена | Файл: F:\OSPanel\domains\myStore\vendor\ishop\core\Router.php | Строка: 39
=================
[2019-02-25 21:40:19] Текст ошибки: SQLSTATE[01000]: Warning: 1265 Data truncated for column 'old_price' at row 1 | Файл: F:\OSPanel\domains\myStore\vendor\gabordemooij\redbean\RedBeanPHP\Driver\RPDO.php | Строка: 188
=================
[2019-02-25 21:40:19] Текст ошибки: Страница не найдена | Файл: F:\OSPanel\domains\myStore\vendor\ishop\core\Router.php | Строка: 39
=================
[2019-02-25 21:40:53] Текст ошибки: SQLSTATE[01000]: Warning: 1265 Data truncated for column 'hit' at row 1 | Файл: F:\OSPanel\domains\myStore\vendor\gabordemooij\redbean\RedBeanPHP\Driver\RPDO.php | Строка: 188
=================
[2019-02-26 16:15:38] Текст ошибки: Страница не найдена | Файл: F:\OSPanel\domains\myStore\vendor\ishop\core\Router.php | Строка: 39
=================
[2019-02-26 16:15:38] Текст ошибки: Страница не найдена | Файл: F:\OSPanel\domains\myStore\vendor\ishop\core\Router.php | Строка: 39
=================
[2019-02-26 17:37:14] Текст ошибки: Too few arguments to function app\widgets\filter\Filter::__construct(), 0 passed in F:\OSPanel\domains\myStore\app\views\Category\view.php on line 54 and exactly 2 expected | Файл: F:\OSPanel\domains\myStore\app\widgets\filter\Filter.php | Строка: 14
=================
[2019-02-26 17:37:14] Текст ошибки: Страница не найдена | Файл: F:\OSPanel\domains\myStore\vendor\ishop\core\Router.php | Строка: 39
=================
[2019-02-26 17:37:14] Текст ошибки: Страница не найдена | Файл: F:\OSPanel\domains\myStore\vendor\ishop\core\Router.php | Строка: 39
=================
[2019-02-26 17:37:14] Текст ошибки: Страница не найдена | Файл: F:\OSPanel\domains\myStore\vendor\ishop\core\Router.php | Строка: 39
=================
[2019-02-26 17:37:14] Текст ошибки: Страница не найдена | Файл: F:\OSPanel\domains\myStore\vendor\ishop\core\Router.php | Строка: 39
=================
[2019-02-26 17:37:15] Текст ошибки: Too few arguments to function app\widgets\filter\Filter::__construct(), 0 passed in F:\OSPanel\domains\myStore\app\views\Category\view.php on line 54 and exactly 2 expected | Файл: F:\OSPanel\domains\myStore\app\widgets\filter\Filter.php | Строка: 14
=================
[2019-02-26 17:37:15] Текст ошибки: Страница не найдена | Файл: F:\OSPanel\domains\myStore\vendor\ishop\core\Router.php | Строка: 39
=================
[2019-02-26 17:37:15] Текст ошибки: Страница не найдена | Файл: F:\OSPanel\domains\myStore\vendor\ishop\core\Router.php | Строка: 39
=================
[2019-02-26 17:37:15] Текст ошибки: Страница не найдена | Файл: F:\OSPanel\domains\myStore\vendor\ishop\core\Router.php | Строка: 39
=================
[2019-02-26 17:37:17] Текст ошибки: Too few arguments to function app\widgets\filter\Filter::__construct(), 0 passed in F:\OSPanel\domains\myStore\app\views\Category\view.php on line 54 and exactly 2 expected | Файл: F:\OSPanel\domains\myStore\app\widgets\filter\Filter.php | Строка: 14
=================
[2019-02-26 17:37:17] Текст ошибки: Страница не найдена | Файл: F:\OSPanel\domains\myStore\vendor\ishop\core\Router.php | Строка: 39
=================
[2019-02-26 17:37:17] Текст ошибки: Страница не найдена | Файл: F:\OSPanel\domains\myStore\vendor\ishop\core\Router.php | Строка: 39
=================
[2019-02-26 17:37:17] Текст ошибки: Страница не найдена | Файл: F:\OSPanel\domains\myStore\vendor\ishop\core\Router.php | Строка: 39
=================
[2019-02-26 17:37:17] Текст ошибки: Страница не найдена | Файл: F:\OSPanel\domains\myStore\vendor\ishop\core\Router.php | Строка: 39
=================
[2019-02-26 18:31:06] Текст ошибки: SQLSTATE[01000]: Warning: 1265 Data truncated for column 'hit' at row 1 | Файл: F:\OSPanel\domains\myStore\vendor\gabordemooij\redbean\RedBeanPHP\Driver\RPDO.php | Строка: 188
=================
[2019-02-26 18:42:59] Текст ошибки: SQLSTATE[HY000]: General error: 1364 Field 'brand_id' doesn't have a default value | Файл: F:\OSPanel\domains\myStore\vendor\gabordemooij\redbean\RedBeanPHP\Driver\RPDO.php | Строка: 188
=================
[2019-02-26 19:09:09] Текст ошибки: SQLSTATE[01000]: Warning: 1265 Data truncated for column 'status' at row 1 | Файл: F:\OSPanel\domains\myStore\vendor\gabordemooij\redbean\RedBeanPHP\Driver\RPDO.php | Строка: 188
=================
[2019-02-26 19:09:47] Текст ошибки: SQLSTATE[01000]: Warning: 1265 Data truncated for column 'hit' at row 1 | Файл: F:\OSPanel\domains\myStore\vendor\gabordemooij\redbean\RedBeanPHP\Driver\RPDO.php | Строка: 188
=================
[2019-02-26 19:12:55] Текст ошибки: SQLSTATE[01000]: Warning: 1265 Data truncated for column 'hit' at row 1 | Файл: F:\OSPanel\domains\myStore\vendor\gabordemooij\redbean\RedBeanPHP\Driver\RPDO.php | Строка: 188
=================
[2019-02-26 19:13:20] Текст ошибки: SQLSTATE[01000]: Warning: 1265 Data truncated for column 'hit' at row 1 | Файл: F:\OSPanel\domains\myStore\vendor\gabordemooij\redbean\RedBeanPHP\Driver\RPDO.php | Строка: 188
=================
[2019-02-26 19:25:20] Текст ошибки: SQLSTATE[HY000]: General error: 2006 MySQL server has gone away | Файл: F:\OSPanel\domains\myStore\vendor\gabordemooij\redbean\RedBeanPHP\Driver\RPDO.php | Строка: 188
=================
[2019-02-26 19:34:05] Текст ошибки: SQLSTATE[01000]: Warning: 1265 Data truncated for column 'hit' at row 1 | Файл: F:\OSPanel\domains\myStore\vendor\gabordemooij\redbean\RedBeanPHP\Driver\RPDO.php | Строка: 188
=================
[2019-02-27 15:55:29] Текст ошибки: SQLSTATE[01000]: Warning: 1265 Data truncated for column 'hit' at row 1 | Файл: F:\OSPanel\domains\myStore\vendor\gabordemooij\redbean\RedBeanPHP\Driver\RPDO.php | Строка: 188
=================
[2019-02-27 15:55:29] Текст ошибки: Страница не найдена | Файл: F:\OSPanel\domains\myStore\vendor\ishop\core\Router.php | Строка: 39
=================
[2019-02-27 15:56:14] Текст ошибки: SQLSTATE[01000]: Warning: 1265 Data truncated for column 'status' at row 1 | Файл: F:\OSPanel\domains\myStore\vendor\gabordemooij\redbean\RedBeanPHP\Driver\RPDO.php | Строка: 188
=================
[2019-02-27 15:56:19] Текст ошибки: SQLSTATE[23000]: Integrity constraint violation: 1062 Duplicate entry '' for key 'alias' | Файл: F:\OSPanel\domains\myStore\vendor\gabordemooij\redbean\RedBeanPHP\Driver\RPDO.php | Строка: 188
=================
[2019-02-27 15:56:41] Текст ошибки: SQLSTATE[01000]: Warning: 1265 Data truncated for column 'status' at row 1 | Файл: F:\OSPanel\domains\myStore\vendor\gabordemooij\redbean\RedBeanPHP\Driver\RPDO.php | Строка: 188
=================
[2019-02-27 15:57:15] Текст ошибки: SQLSTATE[01000]: Warning: 1265 Data truncated for column 'status' at row 1 | Файл: F:\OSPanel\domains\myStore\vendor\gabordemooij\redbean\RedBeanPHP\Driver\RPDO.php | Строка: 188
=================
[2019-02-27 16:06:37] Текст ошибки: SQLSTATE[01000]: Warning: 1265 Data truncated for column 'status' at row 1 | Файл: F:\OSPanel\domains\myStore\vendor\gabordemooij\redbean\RedBeanPHP\Driver\RPDO.php | Строка: 188
=================
[2019-02-27 16:07:17] Текст ошибки: SQLSTATE[01000]: Warning: 1265 Data truncated for column 'hit' at row 1 | Файл: F:\OSPanel\domains\myStore\vendor\gabordemooij\redbean\RedBeanPHP\Driver\RPDO.php | Строка: 188
=================
[2019-02-27 16:07:46] Текст ошибки: SQLSTATE[01000]: Warning: 1265 Data truncated for column 'hit' at row 1 | Файл: F:\OSPanel\domains\myStore\vendor\gabordemooij\redbean\RedBeanPHP\Driver\RPDO.php | Строка: 188
=================
[2019-02-27 19:40:18] Текст ошибки: Страница не найдена | Файл: F:\OSPanel\domains\myStore\vendor\ishop\core\Router.php | Строка: 39
=================
[2019-02-27 19:41:01] Текст ошибки: Страница не найдена | Файл: F:\OSPanel\domains\myStore\vendor\ishop\core\Router.php | Строка: 39
=================
[2019-03-02 10:02:00] Текст ошибки: Страница не найдена | Файл: F:\OSPanel\domains\myStore\vendor\ishop\core\Router.php | Строка: 39
=================
[2019-03-02 10:02:04] Текст ошибки: Страница не найдена | Файл: F:\OSPanel\domains\myStore\vendor\ishop\core\Router.php | Строка: 39
=================
[2019-03-02 10:02:04] Текст ошибки: Страница не найдена | Файл: F:\OSPanel\domains\myStore\vendor\ishop\core\Router.php | Строка: 39
=================
[2019-03-02 10:07:29] Текст ошибки: SQLSTATE[01000]: Warning: 1265 Data truncated for column 'status' at row 1 | Файл: F:\OSPanel\domains\myStore\vendor\gabordemooij\redbean\RedBeanPHP\Driver\RPDO.php | Строка: 188
=================
[2019-03-02 10:58:40] Текст ошибки: Метод app\controllers\admin\ProductController::relatedProductAction не найден | Файл: F:\OSPanel\domains\myStore\vendor\ishop\core\Router.php | Строка: 33
=================
[2019-03-02 11:26:06] Текст ошибки: Метод app\controllers\admin\ProductController::relatedProductAction не найден | Файл: F:\OSPanel\domains\myStore\vendor\ishop\core\Router.php | Строка: 33
=================
[2019-03-02 11:26:07] Текст ошибки: Метод app\controllers\admin\ProductController::relatedProductAction не найден | Файл: F:\OSPanel\domains\myStore\vendor\ishop\core\Router.php | Строка: 33
=================
[2019-03-02 11:26:27] Текст ошибки: Метод app\controllers\admin\ProductController::relatedProductAction не найден | Файл: F:\OSPanel\domains\myStore\vendor\ishop\core\Router.php | Строка: 33
=================
[2019-03-02 11:26:27] Текст ошибки: Страница не найдена | Файл: F:\OSPanel\domains\myStore\vendor\ishop\core\Router.php | Строка: 39
=================
[2019-03-02 11:26:42] Текст ошибки: Метод app\controllers\admin\ProductController::relatedProductAction не найден | Файл: F:\OSPanel\domains\myStore\vendor\ishop\core\Router.php | Строка: 33
=================
[2019-03-02 11:40:01] Текст ошибки: SQLSTATE[42000]: Syntax error or access violation: 1064 You have an error in your SQL syntax; check the manual that corresponds to your MySQL server version for the right syntax to use near 'FROM product WHERE  title LIKE '%%' LIMIT 10' at line 1 | Файл: F:\OSPanel\domains\myStore\vendor\gabordemooij\redbean\RedBeanPHP\Driver\RPDO.php | Строка: 188
=================
[2019-03-02 11:40:09] Текст ошибки: SQLSTATE[42000]: Syntax error or access violation: 1064 You have an error in your SQL syntax; check the manual that corresponds to your MySQL server version for the right syntax to use near 'FROM product WHERE  title LIKE '%%' LIMIT 10' at line 1 | Файл: F:\OSPanel\domains\myStore\vendor\gabordemooij\redbean\RedBeanPHP\Driver\RPDO.php | Строка: 188
=================
[2019-03-02 11:40:53] Текст ошибки: SQLSTATE[42000]: Syntax error or access violation: 1064 You have an error in your SQL syntax; check the manual that corresponds to your MySQL server version for the right syntax to use near 'FROM product WHERE  title LIKE '%%' LIMIT 10' at line 1 | Файл: F:\OSPanel\domains\myStore\vendor\gabordemooij\redbean\RedBeanPHP\Driver\RPDO.php | Строка: 188
=================
[2019-03-02 11:41:08] Текст ошибки: SQLSTATE[42000]: Syntax error or access violation: 1064 You have an error in your SQL syntax; check the manual that corresponds to your MySQL server version for the right syntax to use near 'FROM product WHERE  title LIKE '%%' LIMIT 10' at line 1 | Файл: F:\OSPanel\domains\myStore\vendor\gabordemooij\redbean\RedBeanPHP\Driver\RPDO.php | Строка: 188
=================
[2019-03-02 11:41:41] Текст ошибки: SQLSTATE[42000]: Syntax error or access violation: 1064 You have an error in your SQL syntax; check the manual that corresponds to your MySQL server version for the right syntax to use near 'FROM product WHERE  title LIKE '%%' LIMIT 10' at line 1 | Файл: F:\OSPanel\domains\myStore\vendor\gabordemooij\redbean\RedBeanPHP\Driver\RPDO.php | Строка: 188
=================
[2019-03-03 22:27:08] Текст ошибки: Страница не найдена | Файл: F:\OSPanel\domains\myStore\vendor\ishop\core\Router.php | Строка: 39
=================
[2019-03-03 22:27:08] Текст ошибки: Страница не найдена | Файл: F:\OSPanel\domains\myStore\vendor\ishop\core\Router.php | Строка: 39
=================
[2019-03-03 22:27:58] Текст ошибки: SQLSTATE[HY000]: General error: 1364 Field 'brand_id' doesn't have a default value | Файл: F:\OSPanel\domains\myStore\vendor\gabordemooij\redbean\RedBeanPHP\Driver\RPDO.php | Строка: 188
=================
[2019-03-03 22:27:58] Текст ошибки: Страница не найдена | Файл: F:\OSPanel\domains\myStore\vendor\ishop\core\Router.php | Строка: 39
=================
[2019-03-03 22:28:52] Текст ошибки: SQLSTATE[01000]: Warning: 1265 Data truncated for column 'status' at row 1 | Файл: F:\OSPanel\domains\myStore\vendor\gabordemooij\redbean\RedBeanPHP\Driver\RPDO.php | Строка: 188
=================
[2019-03-03 22:30:09] Текст ошибки: SQLSTATE[23000]: Integrity constraint violation: 1062 Duplicate entry '' for key 'alias' | Файл: F:\OSPanel\domains\myStore\vendor\gabordemooij\redbean\RedBeanPHP\Driver\RPDO.php | Строка: 188
=================
[2019-03-06 14:51:57] Текст ошибки: Страница не найдена | Файл: F:\OSPanel\domains\myStore\vendor\ishop\core\Router.php | Строка: 39
=================
[2019-03-07 10:23:12] Текст ошибки: Метод app\controllers\admin\ProductController::addImageAction не найден | Файл: F:\OSPanel\domains\myStore\vendor\ishop\core\Router.php | Строка: 33
=================
[2019-03-08 16:09:15] Текст ошибки: Страница не найдена | Файл: F:\OSPanel\domains\myStore\vendor\ishop\core\Router.php | Строка: 39
=================
[2019-03-09 10:00:03] Текст ошибки: Страница не найдена | Файл: F:\OSPanel\domains\myStore\vendor\ishop\core\Router.php | Строка: 39
=================
[2019-03-10 11:05:12] Текст ошибки: Страница не найдена | Файл: F:\OSPanel\domains\myStore\vendor\ishop\core\Router.php | Строка: 39
=================
[2019-03-10 13:53:29] Текст ошибки: Страница не найдена | Файл: F:\OSPanel\domains\myStore\vendor\ishop\core\Router.php | Строка: 39
=================
[2019-03-19 14:45:42] Текст ошибки: Страница не найдена | Файл: F:\OSPanel\domains\myStore\vendor\ishop\core\Router.php | Строка: 39
=================
[2019-03-19 14:45:42] Текст ошибки: Страница не найдена | Файл: F:\OSPanel\domains\myStore\vendor\ishop\core\Router.php | Строка: 39
=================
[2019-03-19 15:40:23] Текст ошибки: Страница не найдена | Файл: F:\OSPanel\domains\myStore\vendor\ishop\core\Router.php | Строка: 39
=================
